build/app/intermediates/manifest_merge_blame_file/release/manifest-merger-blame-release-report.txt
1<?xml version="1.0" encoding="utf-8"?>
2<manifest xmlns:android="http://schemas.android.com/apk/res/android"
3    package="com.example.dentalRnD"
4    android:versionCode="1"
5    android:versionName="1.0.0" >
6
7    <uses-sdk
8        android:minSdkVersion="21"
8-->src/main/AndroidManifest.xml
9        android:targetSdkVersion="28" />
9-->src/main/AndroidManifest.xml
10
11    <uses-permission android:name="android.permission.READ_EXTERNAL_STORAGE" />
11-->[:image_picker] AndroidManifest.xml:7:5-80
11-->[:image_picker] AndroidManifest.xml:7:22-77
12    <uses-permission android:name="android.permission.WRITE_EXTERNAL_STORAGE" /> <!-- Although the *SdkVersion is captured in gradle build files, this is required for non gradle builds -->
12-->[:image_picker] AndroidManifest.xml:8:5-81
12-->[:image_picker] AndroidManifest.xml:8:22-78
13    <!-- <uses-sdk android:minSdkVersion="14"/> -->
14    <uses-permission android:name="android.permission.ACCESS_NETWORK_STATE" />
14-->[com.google.firebase:firebase-storage:17.0.0] AndroidManifest.xml:26:5-79
14-->[com.google.firebase:firebase-storage:17.0.0] AndroidManifest.xml:26:22-76
15    <uses-permission android:name="android.permission.INTERNET" />
15-->[com.google.firebase:firebase-storage:17.0.0] AndroidManifest.xml:27:5-67
15-->[com.google.firebase:firebase-storage:17.0.0] AndroidManifest.xml:27:22-64
16    <!--
17 io.flutter.app.FlutterApplication is an android.app.Application that
18         calls FlutterMain.startInitialization(this); in its onCreate method.
19         In most cases you can leave this as-is, but you if you want to provide
20         additional functionality it is fine to subclass or reimplement
21         FlutterApplication and put your custom class here.
22    -->
23    <application
23-->src/main/AndroidManifest.xml:8:5-46:19
24        android:name="io.flutter.app.FlutterApplication"
24-->src/main/AndroidManifest.xml:9:9-57
25        android:appComponentFactory="androidx.core.app.CoreComponentFactory"
25-->[androidx.core:core:1.1.0] AndroidManifest.xml:24:18-86
26        android:icon="@mipmap/ic_launcher"
26-->src/main/AndroidManifest.xml:11:9-43
27        android:label="dentalRnD" >
27-->src/main/AndroidManifest.xml:10:9-34
28        <activity
28-->src/main/AndroidManifest.xml:12:9-40:20
29            android:name="com.example.dentalRnD.MainActivity"
29-->src/main/AndroidManifest.xml:13:13-41
30            android:configChanges="orientation|keyboardHidden|keyboard|screenSize|smallestScreenSize|locale|layoutDirection|fontScale|screenLayout|density|uiMode"
30-->src/main/AndroidManifest.xml:16:13-163
31            android:hardwareAccelerated="true"
31-->src/main/AndroidManifest.xml:17:13-47
32            android:launchMode="singleTop"
32-->src/main/AndroidManifest.xml:14:13-43
33            android:theme="@style/LaunchTheme"
33-->src/main/AndroidManifest.xml:15:13-47
34            android:windowSoftInputMode="adjustResize" >
34-->src/main/AndroidManifest.xml:18:13-55
35
36            <!--
37                 Specifies an Android theme to apply to this Activity as soon as
38                 the Android process has started. This theme is visible to the user
39                 while the Flutter UI initializes. After that, this theme continues
40                 to determine the Window background behind the Flutter UI.
41            -->
42            <meta-data
42-->src/main/AndroidManifest.xml:23:13-26:17
43                android:name="io.flutter.embedding.android.NormalTheme"
43-->src/main/AndroidManifest.xml:24:15-70
44                android:resource="@style/NormalTheme" />
44-->src/main/AndroidManifest.xml:25:15-52
45            <!--
46                 Displays an Android View that continues showing the launch screen
47                 Drawable until Flutter paints its first frame, then this splash
48                 screen fades out. A splash screen is useful to avoid any visual
49                 gap between the end of Android's launch screen and the painting of
50                 Flutter's first frame.
51            -->
52            <meta-data
52-->src/main/AndroidManifest.xml:32:13-35:17
53                android:name="io.flutter.embedding.android.SplashScreenDrawable"
53-->src/main/AndroidManifest.xml:33:15-79
54                android:resource="@drawable/launch_background" />
54-->src/main/AndroidManifest.xml:34:15-61
55
56            <intent-filter>
56-->src/main/AndroidManifest.xml:36:13-39:29
57                <action android:name="android.intent.action.MAIN" />
57-->src/main/AndroidManifest.xml:37:17-68
57-->src/main/AndroidManifest.xml:37:25-66
58
59                <category android:name="android.intent.category.LAUNCHER" />
59-->src/main/AndroidManifest.xml:38:17-76
59-->src/main/AndroidManifest.xml:38:27-74
60            </intent-filter>
61        </activity>
62        <!--
63             Don't delete the meta-data below.
64             This is used by the Flutter tool to generate GeneratedPluginRegistrant.java
65        -->
66        <meta-data
66-->src/main/AndroidManifest.xml:43:9-45:33
67            android:name="flutterEmbedding"
67-->src/main/AndroidManifest.xml:44:13-44
68            android:value="2" />
68-->src/main/AndroidManifest.xml:45:13-30
69
70        <service
70-->[:firebase_auth] AndroidManifest.xml:8:9-12:19
71            android:name="com.google.firebase.components.ComponentDiscoveryService"
71-->[:firebase_auth] AndroidManifest.xml:8:18-89
72            android:directBootAware="true"
72-->[com.google.firebase:firebase-common:19.3.0] AndroidManifest.xml:34:13-43
73            android:exported="false" >
73-->[com.google.firebase:firebase-auth:19.3.2] AndroidManifest.xml:35:13-37
74            <meta-data
74-->[:firebase_auth] AndroidManifest.xml:9:13-11:85
75                android:name="com.google.firebase.components:io.flutter.plugins.firebaseauth.FlutterFirebaseAppRegistrar"
75-->[:firebase_auth] AndroidManifest.xml:10:17-122
76                android:value="com.google.firebase.components.ComponentRegistrar" />
76-->[:firebase_auth] AndroidManifest.xml:11:17-82
77            <meta-data
77-->[com.google.firebase:firebase-auth:19.3.2] AndroidManifest.xml:36:13-38:85
78                android:name="com.google.firebase.components:com.google.firebase.auth.FirebaseAuthRegistrar"
78-->[com.google.firebase:firebase-auth:19.3.2] AndroidManifest.xml:37:17-109
79                android:value="com.google.firebase.components.ComponentRegistrar" />
79-->[com.google.firebase:firebase-auth:19.3.2] AndroidManifest.xml:38:17-82
80            <meta-data
80-->[:firebase_storage] AndroidManifest.xml:9:13-11:85
81                android:name="com.google.firebase.components:io.flutter.plugins.firebase.storage.FlutterFirebaseAppRegistrar"
81-->[:firebase_storage] AndroidManifest.xml:10:17-126
82                android:value="com.google.firebase.components.ComponentRegistrar" />
82-->[:firebase_storage] AndroidManifest.xml:11:17-82
83            <meta-data
83-->[:cloud_firestore] AndroidManifest.xml:9:13-11:85
84                android:name="com.google.firebase.components:io.flutter.plugins.firebase.cloudfirestore.FlutterFirebaseAppRegistrar"
84-->[:cloud_firestore] AndroidManifest.xml:10:17-133
85                android:value="com.google.firebase.components.ComponentRegistrar" />
85-->[:cloud_firestore] AndroidManifest.xml:11:17-82
86            <meta-data
86-->[:firebase_database] AndroidManifest.xml:9:13-11:85
87                android:name="com.google.firebase.components:io.flutter.plugins.firebase.database.FlutterFirebaseAppRegistrar"
87-->[:firebase_database] AndroidManifest.xml:10:17-127
88                android:value="com.google.firebase.components.ComponentRegistrar" />
88-->[:firebase_database] AndroidManifest.xml:11:17-82
89            <meta-data
89-->[:firebase_core] AndroidManifest.xml:9:13-11:85
90                android:name="com.google.firebase.components:io.flutter.plugins.firebase.core.FlutterFirebaseAppRegistrar"
90-->[:firebase_core] AndroidManifest.xml:10:17-123
91                android:value="com.google.firebase.components.ComponentRegistrar" />
91-->[:firebase_core] AndroidManifest.xml:11:17-82
92            <meta-data
92-->[com.google.firebase:firebase-storage:17.0.0] AndroidManifest.xml:31:13-33:85
93                android:name="com.google.firebase.components:com.google.firebase.storage.StorageRegistrar"
93-->[com.google.firebase:firebase-storage:17.0.0] AndroidManifest.xml:32:17-107
94                android:value="com.google.firebase.components.ComponentRegistrar" />
94-->[com.google.firebase:firebase-storage:17.0.0] AndroidManifest.xml:33:17-82
95            <meta-data
95-->[com.google.firebase:firebase-firestore:21.3.0] AndroidManifest.xml:20:13-22:85
96                android:name="com.google.firebase.components:com.google.firebase.firestore.FirestoreRegistrar"
96-->[com.google.firebase:firebase-firestore:21.3.0] AndroidManifest.xml:21:17-111
97                android:value="com.google.firebase.components.ComponentRegistrar" />
97-->[com.google.firebase:firebase-firestore:21.3.0] AndroidManifest.xml:22:17-82
98            <meta-data
98-->[com.google.firebase:firebase-database:17.0.0] AndroidManifest.xml:30:13-32:85
99                android:name="com.google.firebase.components:com.google.firebase.database.DatabaseRegistrar"
99-->[com.google.firebase:firebase-database:17.0.0] AndroidManifest.xml:31:17-109
100                android:value="com.google.firebase.components.ComponentRegistrar" />
100-->[com.google.firebase:firebase-database:17.0.0] AndroidManifest.xml:32:17-82
101        </service>
102
103        <activity
103-->[com.google.firebase:firebase-auth:19.3.2] AndroidManifest.xml:24:9-31:50
104            android:name="com.google.firebase.auth.internal.FederatedSignInActivity"
104-->[com.google.firebase:firebase-auth:19.3.2] AndroidManifest.xml:25:13-85
105            android:excludeFromRecents="true"
105-->[com.google.firebase:firebase-auth:19.3.2] AndroidManifest.xml:26:13-46
106            android:exported="true"
106-->[com.google.firebase:firebase-auth:19.3.2] AndroidManifest.xml:27:13-36
107            android:launchMode="singleTask"
107-->[com.google.firebase:firebase-auth:19.3.2] AndroidManifest.xml:28:13-44
108            android:permission="com.google.firebase.auth.api.gms.permission.LAUNCH_FEDERATED_SIGN_IN"
108-->[com.google.firebase:firebase-auth:19.3.2] AndroidManifest.xml:29:13-102
109            android:theme="@android:style/Theme.Translucent.NoTitleBar" />
109-->[com.google.firebase:firebase-auth:19.3.2] AndroidManifest.xml:30:13-72
110        <activity
110-->[com.google.android.gms:play-services-auth:18.1.0] AndroidManifest.xml:23:9-27:75
111            android:name="com.google.android.gms.auth.api.signin.internal.SignInHubActivity"
111-->[com.google.android.gms:play-services-auth:18.1.0] AndroidManifest.xml:24:13-93
112            android:excludeFromRecents="true"
112-->[com.google.android.gms:play-services-auth:18.1.0] AndroidManifest.xml:25:13-46
113            android:exported="false"
113-->[com.google.android.gms:play-services-auth:18.1.0] AndroidManifest.xml:26:13-37
114            android:theme="@android:style/Theme.Translucent.NoTitleBar" />
114-->[com.google.android.gms:play-services-auth:18.1.0] AndroidManifest.xml:27:13-72
115        <!--
116            Service handling Google Sign-In user revocation. For apps that do not integrate with
117            Google Sign-In, this service will never be started.
118        -->
119        <service
119-->[com.google.android.gms:play-services-auth:18.1.0] AndroidManifest.xml:33:9-37:51
120            android:name="com.google.android.gms.auth.api.signin.RevocationBoundService"
120-->[com.google.android.gms:play-services-auth:18.1.0] AndroidManifest.xml:34:13-89
121            android:exported="true"
121-->[com.google.android.gms:play-services-auth:18.1.0] AndroidManifest.xml:35:13-36
122            android:permission="com.google.android.gms.auth.api.signin.permission.REVOCATION_NOTIFICATION"
122-->[com.google.android.gms:play-services-auth:18.1.0] AndroidManifest.xml:36:13-107
123            android:visibleToInstantApps="true" />
123-->[com.google.android.gms:play-services-auth:18.1.0] AndroidManifest.xml:37:13-48
124
125        <provider
125-->[:image_picker] AndroidManifest.xml:11:9-19:20
126            android:name="io.flutter.plugins.imagepicker.ImagePickerFileProvider"
126-->[:image_picker] AndroidManifest.xml:12:13-82
127            android:authorities="com.example.dentalRnD.flutter.image_provider"
127-->[:image_picker] AndroidManifest.xml:13:13-74
128            android:exported="false"
128-->[:image_picker] AndroidManifest.xml:14:13-37
129            android:grantUriPermissions="true" >
129-->[:image_picker] AndroidManifest.xml:15:13-47
130            <meta-data
130-->[:image_picker] AndroidManifest.xml:16:13-18:75
131                android:name="android.support.FILE_PROVIDER_PATHS"
131-->[:image_picker] AndroidManifest.xml:17:17-67
132                android:resource="@xml/flutter_image_picker_file_paths" />
132-->[:image_picker] AndroidManifest.xml:18:17-72
133        </provider>
134
135        <activity
135-->[:url_launcher] AndroidManifest.xml:8:9-11:74
136            android:name="io.flutter.plugins.urllauncher.WebViewActivity"
136-->[:url_launcher] AndroidManifest.xml:9:13-74
137            android:exported="false"
137-->[:url_launcher] AndroidManifest.xml:10:13-37
138            android:theme="@android:style/Theme.NoTitleBar.Fullscreen" />
138-->[:url_launcher] AndroidManifest.xml:11:13-71
139        <activity
139-->[com.google.android.gms:play-services-base:17.1.0] AndroidManifest.xml:23:9-26:75
140            android:name="com.google.android.gms.common.api.GoogleApiActivity"
140-->[com.google.android.gms:play-services-base:17.1.0] AndroidManifest.xml:24:13-79
141            android:exported="false"
141-->[com.google.android.gms:play-services-base:17.1.0] AndroidManifest.xml:25:13-37
142            android:theme="@android:style/Theme.Translucent.NoTitleBar" />
142-->[com.google.android.gms:play-services-base:17.1.0] AndroidManifest.xml:26:13-72
143
144        <provider
144-->[com.google.firebase:firebase-common:19.3.0] AndroidManifest.xml:26:9-30:39
145            android:name="com.google.firebase.provider.FirebaseInitProvider"
145-->[com.google.firebase:firebase-common:19.3.0] AndroidManifest.xml:27:13-77
146            android:authorities="com.example.dentalRnD.firebaseinitprovider"
146-->[com.google.firebase:firebase-common:19.3.0] AndroidManifest.xml:28:13-72
147            android:exported="false"
147-->[com.google.firebase:firebase-common:19.3.0] AndroidManifest.xml:29:13-37
148            android:initOrder="100" />
148-->[com.google.firebase:firebase-common:19.3.0] AndroidManifest.xml:30:13-36
149
150        <meta-data
150-->[com.google.android.gms:play-services-basement:17.1.1] AndroidManifest.xml:23:9-25:69
151            android:name="com.google.android.gms.version"
151-->[com.google.android.gms:play-services-basement:17.1.1] AndroidManifest.xml:24:13-58
152            android:value="@integer/google_play_services_version" />
152-->[com.google.android.gms:play-services-basement:17.1.1] AndroidManifest.xml:25:13-66
153    </application>
154
155</manifest>